 ======================================================================
                       Training process started.
 ======================================================================

                          2013-12-06  11:25:00


 Copyright (C) 2013 Nongnuch Artrith and Alexander Urban

 This program is distributed in the hope that it will be useful,
 but WITHOUT ANY WARRANTY; without even the implied warranty of
 MERCHANTABILITY or FITNESS FOR A PARTICULAR PURPOSE.  See the
 GNU General Public License in file `LICENSE' for more details.

 ----------------------------------------------------------------------
                              Parallel run
 ----------------------------------------------------------------------

 Number of processes : 1

 ----------------------------------------------------------------------
                       Training set normalization
 ----------------------------------------------------------------------

 The training set will be normalized now.  Depending on its size this
 process can take a while.  The normalized data set will be written to
 another file. Load that file in future to avoid this step.

 Name of the new training set file: TiO2.train.scaled

 The network output energy will be normalized to the interval [-1,1].
   Energy scaling factor: f = 0.233338
   Atomic energy shift  : s = -4.285636

 121 high-energy structures will be removed from the scaled training set.

 Training set normalization done.

 ----------------------------------------------------------------------
                                Networks
 ----------------------------------------------------------------------

 Creating a new O network

 Number of layers :   4

 Number of nodes (without bias)
 and activation type per layer :

       1 :    70
       2 :    10  scaled hyperbolic tangent + linear twisting (twist)
       3 :    10  scaled hyperbolic tangent + linear twisting (twist)
       4 :     1  linear function (linear)

 Dynamically allocated words :     739843 (   5780.02 KB)

 Total number of weights (incl. bias) :      831

 Creating a new Ti network

 Number of layers :   4

 Number of nodes (without bias)
 and activation type per layer :

       1 :    70
       2 :    10  scaled hyperbolic tangent + linear twisting (twist)
       3 :    10  scaled hyperbolic tangent + linear twisting (twist)
       4 :     1  linear function (linear)

 Dynamically allocated words :     739843 (   5780.02 KB)

 Total number of weights (incl. bias) :      831

 Timing info will be written to: train.time

 ----------------------------------------------------------------------
                            Storing networks
 ----------------------------------------------------------------------

 Saving the O network to file : O.10tw-10tw.ann
 Saving the Ti network to file : Ti.10tw-10tw.ann

 ----------------------------------------------------------------------
                           Training set info.
 ----------------------------------------------------------------------

 Training set file                   : TiO2.train.scaled
 Number of structures in the data set: 7694

 Atomic species in training set      : 2
   Species : O Ti

 Average energy (eV/atom) : -0.834581
 Minimum energy (eV/atom) : -1.000000
 Maximum energy (eV/atom) : 0.999578

 The input and output values have been normalized to [-1.0, 1.0].
 Structures outside of this interval will not be used for training.
   Energy scaling factor: 0.233338
   Atomic energy shift  : -4.285636

 ----------------------------------------------------------------------
                            Training details
 ----------------------------------------------------------------------

 Training method         : Levenberg-Marquardt
   Batch size            :         8000
   Batch iterations      :            3
   Initial learning rate :   0.100000000000000
   Target error          :   1.000000000000000E-003

 Number of iterations    : 200

 Training structures     : 6925
 Testing  structures     : 769

 Testing set :

       4       15       16       26       31       39       46       49
      57       84       85       99      100      120      136      137
     141      161      170      181      186      187      193      198
     201      225      238      247      251      264      265      270
     272      275      283      286      298      305      317      323
     329      350      357      380      389      425      430      438
     450      483      485      503      509      521      527      561
     573      614      616      643      651      668      682      690
     692      704      717      735      756      759      771      789
     792      793      796      799      800      805      810      831
     843      872      878      883      894      899      923      934
     942      955      976     1003     1005     1022     1041     1046
    1048     1058     1064     1068     1075     1082     1094     1097
    1099     1123     1128     1136     1148     1169     1185     1192
    1209     1223     1246     1254     1258     1281     1288     1289
    1295     1302     1342     1364     1368     1372     1409     1416
    1419     1420     1432     1447     1451     1455     1458     1461
    1466     1475     1481     1491     1512     1518     1526     1532
    1533     1543     1544     1547     1576     1593     1600     1618
    1631     1635     1648     1668     1704     1711     1739     1742
    1755     1759     1768     1771     1798     1803     1822     1823
    1834     1835     1857     1870     1893     1902     1907     1910
    1915     1954     1958     1979     2003     2010     2019     2029
    2032     2036     2069     2077     2085     2127     2133     2138
    2155     2161     2162     2170     2179     2196     2204     2227
    2232     2233     2262     2268     2289     2291     2292     2293
    2299     2301     2305     2327     2333     2338     2347     2362
    2364     2375     2382     2403     2407     2413     2421     2426
    2436     2445     2449     2472     2484     2487     2492     2493
    2523     2527     2537     2561     2570     2591     2597     2616
    2627     2633     2634     2637     2648     2652     2670     2682
    2690     2695     2709     2739     2745     2762     2775     2789
    2802     2812     2816     2829     2832     2845     2860     2863
    2868     2880     2881     2894     2901     2905     2910     2914
    2925     2927     2948     2975     2980     2989     2991     3004
    3009     3017     3018     3019     3057     3075     3097     3107
    3139     3140     3152     3156     3186     3193     3195     3199
    3200     3210     3213     3217     3224     3239     3244     3253
    3258     3262     3265     3271     3278     3283     3285     3288
    3294     3313     3315     3325     3329     3339     3353     3354
    3364     3365     3366     3373     3377     3415     3427     3456
    3457     3473     3475     3496     3498     3527     3531     3557
    3568     3571     3577     3583     3585     3594     3599     3603
    3609     3612     3618     3660     3665     3667     3683     3685
    3692     3701     3704     3708     3713     3714     3728     3731
    3769     3802     3836     3839     3844     3847     3849     3853
    3855     3859     3864     3874     3885     3895     3896     3897
    3905     3914     3921     3934     3938     3963     3983     3984
    3991     3996     4000     4001     4008     4025     4059     4070
    4077     4094     4118     4129     4138     4139     4155     4177
    4181     4182     4187     4188     4199     4222     4249     4256
    4278     4310     4322     4330     4331     4335     4343     4389
    4477     4491     4498     4500     4501     4517     4542     4545
    4558     4573     4581     4587     4594     4599     4602     4604
    4630     4632     4637     4646     4656     4660     4661     4668
    4673     4681     4715     4738     4744     4753     4758     4764
    4769     4771     4777     4784     4786     4787     4792     4796
    4819     4826     4841     4844     4845     4864     4887     4889
    4893     4902     4910     4936     4937     4964     4979     4980
    4986     4999     5003     5014     5016     5017     5042     5043
    5047     5051     5052     5059     5091     5097     5115     5121
    5129     5133     5135     5166     5170     5180     5187     5216
    5221     5232     5245     5251     5252     5259     5262     5271
    5286     5288     5303     5307     5330     5341     5342     5356
    5357     5359     5360     5363     5365     5374     5407     5411
    5429     5435     5441     5464     5467     5481     5485     5494
    5495     5496     5501     5507     5509     5517     5521     5535
    5542     5546     5551     5554     5590     5593     5598     5600
    5620     5625     5635     5645     5647     5665     5667     5681
    5682     5690     5704     5707     5724     5726     5753     5761
    5763     5780     5806     5808     5810     5818     5839     5846
    5849     5857     5867     5895     5897     5899     5911     5927
    5928     5936     5941     5942     5943     5944     5966     5972
    5991     6006     6013     6021     6040     6042     6048     6053
    6054     6055     6067     6069     6074     6092     6100     6102
    6105     6111     6136     6144     6150     6157     6161     6188
    6192     6211     6232     6239     6248     6278     6283     6288
    6290     6299     6308     6320     6321     6324     6333     6349
    6351     6369     6373     6375     6383     6384     6389     6397
    6398     6405     6406     6454     6463     6475     6495     6504
    6511     6513     6518     6521     6527     6528     6569     6575
    6586     6593     6609     6612     6625     6636     6671     6683
    6684     6693     6708     6713     6718     6732     6733     6742
    6756     6759     6760     6783     6786     6792     6813     6819
    6823     6841     6857     6860     6880     6883     6904     6913
    6915     6928     6931     6933     6966     6989     6993     7000
    7005     7010     7014     7015     7023     7031     7072     7079
    7083     7086     7091     7094     7095     7114     7115     7124
    7171     7192     7196     7200     7201     7203     7204     7216
    7226     7229     7235     7241     7243     7246     7250     7252
    7262     7281     7295     7304     7306     7316     7333     7376
    7387     7389     7407     7427     7439     7449     7453     7465
    7470     7485     7495     7497     7510     7517     7522     7532
    7536     7538     7552     7560     7574     7577     7579     7593
    7611     7641     7647     7651     7668     7671     7684     7685
    7686     7687     7688     7689     7690     7691     7692     7693
    7694

 ----------------------------------------------------------------------
                            Training process
 ----------------------------------------------------------------------

 Weight optimization for 200 epochs using the Levenberg-Marquardt method.

        |------------TRAIN-----------|  |------------TEST------------|
 epoch             MAE          <RMSE>             MAE          <RMSE>
     0    3.874353E+00    3.054297E+00    3.893575E+00    3.063515E+00 <
     1    1.677945E+00    1.323483E+00    1.693766E+00    1.327767E+00 <
     2    1.677945E+00    1.323483E+00    1.693766E+00    1.327767E+00 <
     3    3.748837E-01    4.016795E-01    3.460123E-01    3.526163E-01 <
     4    3.748837E-01    4.016795E-01    3.460123E-01    3.526163E-01 <
     5    2.855436E-01    2.917715E-01    2.680711E-01    2.765817E-01 <
     6    2.855436E-01    2.917715E-01    2.680711E-01    2.765817E-01 <
     7    6.717043E-01    6.131677E-01    6.749748E-01    6.194771E-01 <
     8    3.526584E-01    3.305824E-01    3.647066E-01    3.401311E-01 <
     9    1.907623E-01    2.163502E-01    1.881284E-01    2.137308E-01 <
    10    1.907623E-01    2.163502E-01    1.881284E-01    2.137308E-01 <
    11    5.959655E-01    6.410025E-01    5.917935E-01    6.430054E-01 <
    12    3.085981E-01    3.886003E-01    3.016761E-01    4.074903E-01 <
    13    2.500098E-01    3.023825E-01    2.516663E-01    3.219435E-01 <
    14    1.826833E-01    2.366645E-01    1.793266E-01    2.460127E-01 <
    15    1.195646E-01    1.604499E-01    1.165855E-01    1.712370E-01 <
    16    1.195646E-01    1.604499E-01    1.165855E-01    1.712370E-01 <
    17    1.319646E-01    1.623191E-01    1.273614E-01    1.572550E-01 <
    18    1.162105E-01    1.399242E-01    1.131651E-01    1.368040E-01 <
    19    1.162105E-01    1.399242E-01    1.131651E-01    1.368040E-01 <
    20    1.971351E-02    2.409076E-02    1.928220E-02    2.887979E-02 <
    21    1.971351E-02    2.409076E-02    1.928220E-02    2.887979E-02 <
    22    3.495270E-02    4.995475E-02    3.401815E-02    5.110865E-02 <
    23    1.856973E-02    2.543628E-02    1.852580E-02    2.684398E-02 <
    24    1.236684E-02    1.598234E-02    1.202124E-02    1.675964E-02 <
    25    1.236684E-02    1.598234E-02    1.202124E-02    1.675964E-02 <
    26    9.064222E-03    1.147999E-02    8.554080E-03    1.109654E-02 <
    27    9.064222E-03    1.147999E-02    8.554080E-03    1.109654E-02 <
    28    1.027223E-02    1.426530E-02    9.340981E-03    1.372819E-02 <
    29    8.435748E-03    1.051368E-02    7.985258E-03    1.006154E-02 <
    30    8.435748E-03    1.051368E-02    7.985258E-03    1.006154E-02 <
    31    1.776832E-02    1.770388E-02    1.657699E-02    1.681897E-02 <
    32    8.098186E-03    9.003029E-03    7.736207E-03    8.764356E-03 <
    33    8.098186E-03    9.003029E-03    7.736207E-03    8.764356E-03 <
    34    7.651594E-03    9.805713E-03    7.154415E-03    7.831147E-03 <
    35    7.557195E-03    8.769287E-03    7.234547E-03    8.214370E-03 <
    36    7.557195E-03    8.769287E-03    7.234547E-03    8.214370E-03 <
    37    8.705177E-03    1.098772E-02    7.614095E-03    7.790399E-03 <
    38    7.380457E-03    8.742238E-03    6.893180E-03    7.302451E-03 <
    39    7.380457E-03    8.742238E-03    6.893180E-03    7.302451E-03 <
    40    7.254162E-03    7.884749E-03    7.056560E-03    7.256053E-03 <
    41    7.254162E-03    7.884749E-03    7.056560E-03    7.256053E-03 <
    42    1.528362E-02    1.379090E-02    1.512811E-02    1.258121E-02 <
    43    6.657791E-03    8.605699E-03    6.132047E-03    6.184930E-03 <
    44    6.688065E-03    7.818778E-03    6.225816E-03    6.306189E-03 <
    45    6.688065E-03    7.818778E-03    6.225816E-03    6.306189E-03 <
    46    6.335811E-03    6.455905E-03    6.237044E-03    6.245638E-03 <
    47    6.335811E-03    6.455905E-03    6.237044E-03    6.245638E-03 <
    48    1.145750E-02    9.808431E-03    1.181350E-02    1.000518E-02 <
    49    5.941814E-03    6.024094E-03    5.843952E-03    5.759079E-03 <
    50    5.941814E-03    6.024094E-03    5.843952E-03    5.759079E-03 <
    51    8.712856E-03    8.320328E-03    8.890305E-03    8.343046E-03 <
    52    5.671227E-03    5.679115E-03    5.545838E-03    5.442813E-03 <
    53    5.671227E-03    5.679115E-03    5.545838E-03    5.442813E-03 <
    54    7.392248E-03    6.905293E-03    7.507091E-03    6.936130E-03 <
    55    5.457008E-03    5.459924E-03    5.355741E-03    5.231807E-03 <
    56    5.457008E-03    5.459924E-03    5.355741E-03    5.231807E-03 <
    57    6.056831E-03    5.933641E-03    5.968676E-03    5.797089E-03 <
    58    5.289145E-03    5.284446E-03    5.140705E-03    5.020911E-03 <
    59    5.289145E-03    5.284446E-03    5.140705E-03    5.020911E-03 <
    60    5.504658E-03    5.380415E-03    5.363542E-03    5.212070E-03 <
    61    5.142049E-03    5.144022E-03    4.989564E-03    4.872306E-03 <
    62    5.142049E-03    5.144022E-03    4.989564E-03    4.872306E-03 <
    63    5.231636E-03    5.138382E-03    4.998023E-03    4.871543E-03 <
    64    5.231636E-03    5.138382E-03    4.998023E-03    4.871543E-03 <
    65    1.516951E-02    1.323753E-02    1.398891E-02    1.210627E-02 <
    66    4.579428E-03    4.546965E-03    4.355015E-03    4.295055E-03 <
    67    4.579428E-03    4.546965E-03    4.355015E-03    4.295055E-03 <
    68    7.909828E-03    8.046952E-03    7.314068E-03    7.424219E-03 <
    69    4.161782E-03    4.216685E-03    4.008114E-03    4.032271E-03 <
    70    4.161782E-03    4.216685E-03    4.008114E-03    4.032271E-03 <
    71    6.218677E-03    6.912760E-03    5.626025E-03    6.188509E-03 <
    72    3.897488E-03    3.991259E-03    3.752234E-03    3.817505E-03 <
    73    3.897488E-03    3.991259E-03    3.752234E-03    3.817505E-03 <
    74    5.536483E-03    5.957437E-03    5.029893E-03    5.319534E-03 <
    75    3.693554E-03    3.807679E-03    3.565523E-03    3.643558E-03 <
    76    3.693554E-03    3.807679E-03    3.565523E-03    3.643558E-03 <
    77    5.221997E-03    5.464818E-03    4.759420E-03    4.776666E-03 <
    78    3.538776E-03    3.664784E-03    3.419227E-03    3.505252E-03 <
    79    3.538776E-03    3.664784E-03    3.419227E-03    3.505252E-03 <
    80    4.848946E-03    4.963912E-03    4.405251E-03    4.306631E-03 <
    81    3.414643E-03    3.547800E-03    3.303593E-03    3.393107E-03 <
    82    3.414643E-03    3.547800E-03    3.303593E-03    3.393107E-03 <
    83    4.396927E-03    4.374832E-03    4.017673E-03    3.880659E-03 <
    84    3.310841E-03    3.448299E-03    3.213403E-03    3.299551E-03 <
    85    3.310841E-03    3.448299E-03    3.213403E-03    3.299551E-03 <
    86    3.957057E-03    3.881944E-03    3.670485E-03    3.546483E-03 <
    87    3.223910E-03    3.363240E-03    3.139947E-03    3.221270E-03 <
    88    3.223910E-03    3.363240E-03    3.139947E-03    3.221270E-03 <
    89    3.609214E-03    3.548918E-03    3.405325E-03    3.314387E-03 <
    90    3.149797E-03    3.290976E-03    3.077773E-03    3.154729E-03 <
    91    3.149797E-03    3.290976E-03    3.077773E-03    3.154729E-03 <
    92    3.372573E-03    3.343319E-03    3.230502E-03    3.165514E-03 <
    93    3.086975E-03    3.228991E-03    3.022905E-03    3.097558E-03 <
    94    3.086975E-03    3.228991E-03    3.022905E-03    3.097558E-03 <
    95    3.228954E-03    3.223423E-03    3.125639E-03    3.076368E-03 <
    96    3.228954E-03    3.223423E-03    3.125639E-03    3.076368E-03 <
    97    1.669458E-02    1.463395E-02    1.674919E-02    1.464509E-02 <
    98    3.047108E-03    3.036222E-03    2.986600E-03    2.924078E-03 <
    99    3.047108E-03    3.036222E-03    2.986600E-03    2.924078E-03 <
   100    1.613277E-02    1.378803E-02    1.607187E-02    1.377120E-02 <
   101    2.957599E-03    2.941366E-03    2.897904E-03    2.820124E-03 <
   102    2.957599E-03    2.941366E-03    2.897904E-03    2.820124E-03 <
   103    1.585061E-02    1.290482E-02    1.571787E-02    1.273038E-02 <
   104    2.836026E-03    2.846005E-03    2.776635E-03    2.720497E-03 <
   105    2.836026E-03    2.846005E-03    2.776635E-03    2.720497E-03 <
   106    1.418270E-02    1.120783E-02    1.404934E-02    1.099811E-02 <
   107    2.695236E-03    2.745834E-03    2.651472E-03    2.631162E-03 <
   108    2.695236E-03    2.745834E-03    2.651472E-03    2.631162E-03 <
   109    1.126696E-02    8.858316E-03    1.119525E-02    8.769193E-03 <
   110    2.559223E-03    2.647903E-03    2.553644E-03    2.556773E-03 <
   111    2.559223E-03    2.647903E-03    2.553644E-03    2.556773E-03 <
   112    8.191285E-03    6.617719E-03    8.140488E-03    6.617864E-03 <
   113    2.447993E-03    2.565559E-03    2.484210E-03    2.502187E-03 <
   114    2.447993E-03    2.565559E-03    2.484210E-03    2.502187E-03 <
   115    5.926082E-03    5.081200E-03    5.875065E-03    5.077295E-03 <
   116    2.372161E-03    2.503514E-03    2.435647E-03    2.466453E-03 <
   117    2.372161E-03    2.503514E-03    2.435647E-03    2.466453E-03 <
   118    4.759454E-03    4.370445E-03    4.773516E-03    4.351967E-03 <
   119    2.317301E-03    2.456775E-03    2.403121E-03    2.442541E-03 <
   120    2.317301E-03    2.456775E-03    2.403121E-03    2.442541E-03 <
   121    4.447047E-03    4.246523E-03    4.559079E-03    4.255853E-03 <
   122    2.275611E-03    2.419393E-03    2.378403E-03    2.424359E-03 <
   123    2.275611E-03    2.419393E-03    2.378403E-03    2.424359E-03 <
   124    4.647648E-03    4.403245E-03    4.793216E-03    4.458866E-03 <
   125    2.241655E-03    2.387880E-03    2.357425E-03    2.408684E-03 <
   126    2.241655E-03    2.387880E-03    2.357425E-03    2.408684E-03 <
   127    5.063038E-03    4.622329E-03    5.233241E-03    4.716264E-03 <
   128    2.214112E-03    2.359979E-03    2.340284E-03    2.393588E-03 <
   129    2.214112E-03    2.359979E-03    2.340284E-03    2.393588E-03 <
   130    5.413958E-03    4.792418E-03    5.611641E-03    4.912943E-03 <
   131    2.189841E-03    2.334143E-03    2.325744E-03    2.378014E-03 <
   132    2.189841E-03    2.334143E-03    2.325744E-03    2.378014E-03 <
   133    5.629480E-03    4.874199E-03    5.845976E-03    5.015009E-03 <
   134    2.166109E-03    2.309407E-03    2.310133E-03    2.361598E-03 <
   135    2.166109E-03    2.309407E-03    2.310133E-03    2.361598E-03 <
   136    5.711327E-03    4.868722E-03    5.941522E-03    5.028624E-03 <
   137    2.141885E-03    2.285275E-03    2.294936E-03    2.344493E-03 <
   138    2.141885E-03    2.285275E-03    2.294936E-03    2.344493E-03 <
   139    5.704939E-03    4.797305E-03    5.954512E-03    4.976758E-03 <
   140    2.117277E-03    2.261604E-03    2.277743E-03    2.327130E-03 <
   141    2.117277E-03    2.261604E-03    2.277743E-03    2.327130E-03 <
   142    5.615836E-03    4.686531E-03    5.889982E-03    4.884614E-03 <
   143    2.092537E-03    2.238460E-03    2.258268E-03    2.309925E-03 <
   144    2.092537E-03    2.238460E-03    2.258268E-03    2.309925E-03 <
   145    5.490454E-03    4.563081E-03    5.779659E-03    4.776208E-03 <
   146    2.067832E-03    2.216020E-03    2.237202E-03    2.293170E-03 <
   147    2.067832E-03    2.216020E-03    2.237202E-03    2.293170E-03 <
   148    5.369935E-03    4.451347E-03    5.668267E-03    4.673816E-03 <
   149    2.043960E-03    2.194501E-03    2.216016E-03    2.277105E-03 <
   150    2.043960E-03    2.194501E-03    2.216016E-03    2.277105E-03 <
   151    5.272321E-03    4.364461E-03    5.576337E-03    4.590324E-03 <
   152    2.021490E-03    2.174044E-03    2.195579E-03    2.261920E-03 <
   153    2.021490E-03    2.174044E-03    2.195579E-03    2.261920E-03 <
   154    5.194924E-03    4.300414E-03    5.498886E-03    4.525141E-03 <
   155    2.000354E-03    2.154652E-03    2.176001E-03    2.247697E-03 <
   156    2.000354E-03    2.154652E-03    2.176001E-03    2.247697E-03 <
   157    5.125796E-03    4.249431E-03    5.423110E-03    4.470405E-03 <
   158    1.980664E-03    2.136242E-03    2.156632E-03    2.234427E-03 <
   159    1.980664E-03    2.136242E-03    2.156632E-03    2.234427E-03 <
   160    5.056663E-03    4.201980E-03    5.344706E-03    4.418199E-03 <
   161    1.962016E-03    2.118711E-03    2.137934E-03    2.222082E-03 <
   162    1.962016E-03    2.118711E-03    2.137934E-03    2.222082E-03 <
   163    4.983072E-03    4.151857E-03    5.261054E-03    4.363440E-03 <
   164    1.944149E-03    2.101954E-03    2.119707E-03    2.210634E-03 <
   165    1.944149E-03    2.101954E-03    2.119707E-03    2.210634E-03 <
   166    4.904037E-03    4.096124E-03    5.171040E-03    4.303872E-03 <
   167    1.926834E-03    2.085885E-03    2.102108E-03    2.200071E-03 <
   168    1.926834E-03    2.085885E-03    2.102108E-03    2.200071E-03 <
   169    4.819233E-03    4.034030E-03    5.076665E-03    4.239116E-03 <
   170    1.910116E-03    2.070429E-03    2.084946E-03    2.190386E-03 <
   171    1.910116E-03    2.070429E-03    2.084946E-03    2.190386E-03 <
   172    4.728616E-03    3.965915E-03    4.976471E-03    4.169684E-03 <
   173    1.893892E-03    2.055528E-03    2.068081E-03    2.181579E-03 <
   174    1.893892E-03    2.055528E-03    2.068081E-03    2.181579E-03 <
   175    4.632457E-03    3.892388E-03    4.871064E-03    4.096232E-03 <
   176    1.878397E-03    2.041135E-03    2.051711E-03    2.173651E-03 <
   177    1.878397E-03    2.041135E-03    2.051711E-03    2.173651E-03 <
   178    4.529911E-03    3.813817E-03    4.760473E-03    4.019116E-03 <
   179    1.863358E-03    2.027213E-03    2.035989E-03    2.166599E-03 <
   180    1.863358E-03    2.027213E-03    2.035989E-03    2.166599E-03 <
   181    4.420220E-03    3.730133E-03    4.644550E-03    3.938217E-03 <
   182    1.848738E-03    2.013730E-03    2.020769E-03    2.160413E-03 <
   183    1.848738E-03    2.013730E-03    2.020769E-03    2.160413E-03 <
   184    4.302012E-03    3.640867E-03    4.522620E-03    3.853022E-03 <
   185    1.834407E-03    2.000657E-03    2.006726E-03    2.155077E-03 <
   186    1.834407E-03    2.000657E-03    2.006726E-03    2.155077E-03 <
   187    4.174334E-03    3.545401E-03    4.391914E-03    3.762879E-03 <
   188    1.820451E-03    1.987967E-03    1.992808E-03    2.150574E-03 <
   189    1.820451E-03    1.987967E-03    1.992808E-03    2.150574E-03 <
   190    4.036553E-03    3.443311E-03    4.251451E-03    3.667354E-03 <
   191    1.806828E-03    1.975638E-03    1.979046E-03    2.146886E-03 <
   192    1.806828E-03    1.975638E-03    1.979046E-03    2.146886E-03 <
   193    3.888185E-03    3.334716E-03    4.100476E-03    3.566549E-03 <
   194    1.793500E-03    1.963650E-03    1.965445E-03    2.144004E-03 <
   195    1.793500E-03    1.963650E-03    1.965445E-03    2.144004E-03 <
   196    3.729615E-03    3.220490E-03    3.940780E-03    3.461302E-03 <
   197    1.780439E-03    1.951987E-03    1.952037E-03    2.141932E-03 <
   198    1.780439E-03    1.951987E-03    1.952037E-03    2.141932E-03 <
   199    3.563106E-03    3.102271E-03    3.774559E-03    3.353183E-03 <
   200    1.767801E-03    1.940638E-03    1.938917E-03    2.140685E-03 <

 Training finished.

 ----------------------------------------------------------------------
                            Storing networks
 ----------------------------------------------------------------------

 Saving the O network to file : O.10tw-10tw.ann
 Saving the Ti network to file : Ti.10tw-10tw.ann


                          2014-13-06  16:03:14

 ======================================================================
                     Neural Network training done.
 ======================================================================
