 ----------------------------------------------------------------------
                              Parallel run                             
 ----------------------------------------------------------------------

 Number of processes : 1

 ======================================================================
                  Atomic Energy Network Interpolation                  
 ======================================================================
                                                                       
                          2015-10-25  22:51:38                         
                                                                       

 Copyright (C) 2014, 2013 Nongnuch Artrith and Alexander Urban

 This program is distributed in the hope that it will be useful,
 but WITHOUT ANY WARRANTY; without even the implied warranty of
 MERCHANTABILITY or FITNESS FOR A PARTICULAR PURPOSE.  See the
 GNU General Public License in file `LICENSE' for more details.

 Atomic species : Ti
 File name      : Ti.10tw-10tw.ann

 ----------------------------------------------------------------------
                           Training set info.                          
 ----------------------------------------------------------------------

 Training set file                   : TiO2.train.scaled
 Number of structures in the data set: 4714

 Atomic species in training set      : 2
   Species : O Ti

 Average energy (eV/atom) : -0.911009
 Minimum energy (eV/atom) : -1.000000
 Maximum energy (eV/atom) : 1.000000

 The input and output values have been normalized to [-1.0, 1.0].
 Structures outside of this interval will not be used for training.
   Energy scaling factor: 0.065659
   Atomic energy shift  : 6.658871

 Number of layers :   4

 Number of nodes (without bias) 
 and activation type per layer :

       1 :    52
       2 :    10  scaled hyperbolic tangent + linear twisting (twist)
       3 :    10  scaled hyperbolic tangent + linear twisting (twist)
       4 :     1  linear function (linear)

 Dynamically allocated words :     312019 (   2437.65 KB)

 Total number of weights (incl. bias) :      651

 Symmetry function (SF) set-up for Ti

   Fingerprint function set-up for TiO2

 environment types: O  Ti 
 minimal distance : 0.75 Angstrom
 maximal cut-off  : 6.50 Angstrom
 number of SFs    : 52
 evaluations      : 26786

 Symmetry function type Behler2011

 [see also: J. Behler, J. Chem. Phys. 134 (2011) 074106]


      G  parameters

   1  2  type2=O   Rc =   6.500  Rs =   0.000  eta =   0.003
   2  2  type2=Ti  Rc =   6.500  Rs =   0.000  eta =   0.003
   3  2  type2=O   Rc =   6.500  Rs =   0.000  eta =   0.036
   4  2  type2=Ti  Rc =   6.500  Rs =   0.000  eta =   0.036
   5  2  type2=O   Rc =   6.500  Rs =   0.000  eta =   0.071
   6  2  type2=Ti  Rc =   6.500  Rs =   0.000  eta =   0.071
   7  2  type2=O   Rc =   6.500  Rs =   0.000  eta =   0.125
   8  2  type2=Ti  Rc =   6.500  Rs =   0.000  eta =   0.125
   9  2  type2=O   Rc =   6.500  Rs =   0.000  eta =   0.214
  10  2  type2=Ti  Rc =   6.500  Rs =   0.000  eta =   0.214
  11  2  type2=O   Rc =   6.500  Rs =   0.000  eta =   0.357
  12  2  type2=Ti  Rc =   6.500  Rs =   0.000  eta =   0.357
  13  2  type2=O   Rc =   6.500  Rs =   0.000  eta =   0.714
  14  2  type2=Ti  Rc =   6.500  Rs =   0.000  eta =   0.714
  15  2  type2=O   Rc =   6.500  Rs =   0.000  eta =   1.428
  16  2  type2=Ti  Rc =   6.500  Rs =   0.000  eta =   1.428
  17  4  type2=O   type3=O   Rc =   6.500  lambda =  -1.000  zeta =   1.000  eta =   0.000
  18  4  type2=O   type3=Ti  Rc =   6.500  lambda =  -1.000  zeta =   1.000  eta =   0.000
  19  4  type2=Ti  type3=Ti  Rc =   6.500  lambda =  -1.000  zeta =   1.000  eta =   0.000
  20  4  type2=O   type3=O   Rc =   6.500  lambda =  -1.000  zeta =   1.000  eta =   0.029
  21  4  type2=O   type3=Ti  Rc =   6.500  lambda =  -1.000  zeta =   1.000  eta =   0.029
  22  4  type2=Ti  type3=Ti  Rc =   6.500  lambda =  -1.000  zeta =   1.000  eta =   0.029
  23  4  type2=O   type3=O   Rc =   6.500  lambda =  -1.000  zeta =   1.000  eta =   0.089
  24  4  type2=O   type3=Ti  Rc =   6.500  lambda =  -1.000  zeta =   1.000  eta =   0.089
  25  4  type2=Ti  type3=Ti  Rc =   6.500  lambda =  -1.000  zeta =   1.000  eta =   0.089
  26  4  type2=O   type3=O   Rc =   6.500  lambda =   1.000  zeta =   1.000  eta =   0.000
  27  4  type2=O   type3=Ti  Rc =   6.500  lambda =   1.000  zeta =   1.000  eta =   0.000
  28  4  type2=Ti  type3=Ti  Rc =   6.500  lambda =   1.000  zeta =   1.000  eta =   0.000
  29  4  type2=O   type3=O   Rc =   6.500  lambda =   1.000  zeta =   1.000  eta =   0.029
  30  4  type2=O   type3=Ti  Rc =   6.500  lambda =   1.000  zeta =   1.000  eta =   0.029
  31  4  type2=Ti  type3=Ti  Rc =   6.500  lambda =   1.000  zeta =   1.000  eta =   0.029
  32  4  type2=O   type3=O   Rc =   6.500  lambda =   1.000  zeta =   1.000  eta =   0.089
  33  4  type2=O   type3=Ti  Rc =   6.500  lambda =   1.000  zeta =   1.000  eta =   0.089
  34  4  type2=Ti  type3=Ti  Rc =   6.500  lambda =   1.000  zeta =   1.000  eta =   0.089
  35  4  type2=O   type3=O   Rc =   6.500  lambda =  -1.000  zeta =   2.000  eta =   0.000
  36  4  type2=O   type3=Ti  Rc =   6.500  lambda =  -1.000  zeta =   2.000  eta =   0.000
  37  4  type2=Ti  type3=Ti  Rc =   6.500  lambda =  -1.000  zeta =   2.000  eta =   0.000
  38  4  type2=O   type3=O   Rc =   6.500  lambda =  -1.000  zeta =   2.000  eta =   0.029
  39  4  type2=O   type3=Ti  Rc =   6.500  lambda =  -1.000  zeta =   2.000  eta =   0.029
  40  4  type2=Ti  type3=Ti  Rc =   6.500  lambda =  -1.000  zeta =   2.000  eta =   0.029
  41  4  type2=O   type3=O   Rc =   6.500  lambda =  -1.000  zeta =   2.000  eta =   0.089
  42  4  type2=O   type3=Ti  Rc =   6.500  lambda =  -1.000  zeta =   2.000  eta =   0.089
  43  4  type2=Ti  type3=Ti  Rc =   6.500  lambda =  -1.000  zeta =   2.000  eta =   0.089
  44  4  type2=O   type3=O   Rc =   6.500  lambda =   1.000  zeta =   2.000  eta =   0.000
  45  4  type2=O   type3=Ti  Rc =   6.500  lambda =   1.000  zeta =   2.000  eta =   0.000
  46  4  type2=Ti  type3=Ti  Rc =   6.500  lambda =   1.000  zeta =   2.000  eta =   0.000
  47  4  type2=O   type3=O   Rc =   6.500  lambda =   1.000  zeta =   2.000  eta =   0.029
  48  4  type2=O   type3=Ti  Rc =   6.500  lambda =   1.000  zeta =   2.000  eta =   0.029
  49  4  type2=Ti  type3=Ti  Rc =   6.500  lambda =   1.000  zeta =   2.000  eta =   0.029
  50  4  type2=O   type3=O   Rc =   6.500  lambda =   1.000  zeta =   2.000  eta =   0.089
  51  4  type2=O   type3=Ti  Rc =   6.500  lambda =   1.000  zeta =   2.000  eta =   0.089
  52  4  type2=Ti  type3=Ti  Rc =   6.500  lambda =   1.000  zeta =   2.000  eta =   0.089

 Atomic species : O
 File name      : O.10tw-10tw.ann

 ----------------------------------------------------------------------
                           Training set info.                          
 ----------------------------------------------------------------------

 Training set file                   : TiO2.train.scaled
 Number of structures in the data set: 4714

 Atomic species in training set      : 2
   Species : O Ti

 Average energy (eV/atom) : -0.911009
 Minimum energy (eV/atom) : -1.000000
 Maximum energy (eV/atom) : 1.000000

 The input and output values have been normalized to [-1.0, 1.0].
 Structures outside of this interval will not be used for training.
   Energy scaling factor: 0.065659
   Atomic energy shift  : 6.658871

 Number of layers :   4

 Number of nodes (without bias) 
 and activation type per layer :

       1 :    52
       2 :    10  scaled hyperbolic tangent + linear twisting (twist)
       3 :    10  scaled hyperbolic tangent + linear twisting (twist)
       4 :     1  linear function (linear)

 Dynamically allocated words :     312019 (   2437.65 KB)

 Total number of weights (incl. bias) :      651

 Symmetry function (SF) set-up for O

   Fingerprint function set-up for TiO2

 environment types: O  Ti 
 minimal distance : 0.75 Angstrom
 maximal cut-off  : 6.50 Angstrom
 number of SFs    : 52
 evaluations      : 53572

 Symmetry function type Behler2011

 [see also: J. Behler, J. Chem. Phys. 134 (2011) 074106]


      G  parameters

   1  2  type2=O   Rc =   6.500  Rs =   0.000  eta =   0.003
   2  2  type2=Ti  Rc =   6.500  Rs =   0.000  eta =   0.003
   3  2  type2=O   Rc =   6.500  Rs =   0.000  eta =   0.036
   4  2  type2=Ti  Rc =   6.500  Rs =   0.000  eta =   0.036
   5  2  type2=O   Rc =   6.500  Rs =   0.000  eta =   0.071
   6  2  type2=Ti  Rc =   6.500  Rs =   0.000  eta =   0.071
   7  2  type2=O   Rc =   6.500  Rs =   0.000  eta =   0.125
   8  2  type2=Ti  Rc =   6.500  Rs =   0.000  eta =   0.125
   9  2  type2=O   Rc =   6.500  Rs =   0.000  eta =   0.214
  10  2  type2=Ti  Rc =   6.500  Rs =   0.000  eta =   0.214
  11  2  type2=O   Rc =   6.500  Rs =   0.000  eta =   0.357
  12  2  type2=Ti  Rc =   6.500  Rs =   0.000  eta =   0.357
  13  2  type2=O   Rc =   6.500  Rs =   0.000  eta =   0.714
  14  2  type2=Ti  Rc =   6.500  Rs =   0.000  eta =   0.714
  15  2  type2=O   Rc =   6.500  Rs =   0.000  eta =   1.428
  16  2  type2=Ti  Rc =   6.500  Rs =   0.000  eta =   1.428
  17  4  type2=O   type3=O   Rc =   6.500  lambda =  -1.000  zeta =   1.000  eta =   0.000
  18  4  type2=O   type3=Ti  Rc =   6.500  lambda =  -1.000  zeta =   1.000  eta =   0.000
  19  4  type2=Ti  type3=Ti  Rc =   6.500  lambda =  -1.000  zeta =   1.000  eta =   0.000
  20  4  type2=O   type3=O   Rc =   6.500  lambda =  -1.000  zeta =   1.000  eta =   0.029
  21  4  type2=O   type3=Ti  Rc =   6.500  lambda =  -1.000  zeta =   1.000  eta =   0.029
  22  4  type2=Ti  type3=Ti  Rc =   6.500  lambda =  -1.000  zeta =   1.000  eta =   0.029
  23  4  type2=O   type3=O   Rc =   6.500  lambda =  -1.000  zeta =   1.000  eta =   0.089
  24  4  type2=O   type3=Ti  Rc =   6.500  lambda =  -1.000  zeta =   1.000  eta =   0.089
  25  4  type2=Ti  type3=Ti  Rc =   6.500  lambda =  -1.000  zeta =   1.000  eta =   0.089
  26  4  type2=O   type3=O   Rc =   6.500  lambda =   1.000  zeta =   1.000  eta =   0.000
  27  4  type2=O   type3=Ti  Rc =   6.500  lambda =   1.000  zeta =   1.000  eta =   0.000
  28  4  type2=Ti  type3=Ti  Rc =   6.500  lambda =   1.000  zeta =   1.000  eta =   0.000
  29  4  type2=O   type3=O   Rc =   6.500  lambda =   1.000  zeta =   1.000  eta =   0.029
  30  4  type2=O   type3=Ti  Rc =   6.500  lambda =   1.000  zeta =   1.000  eta =   0.029
  31  4  type2=Ti  type3=Ti  Rc =   6.500  lambda =   1.000  zeta =   1.000  eta =   0.029
  32  4  type2=O   type3=O   Rc =   6.500  lambda =   1.000  zeta =   1.000  eta =   0.089
  33  4  type2=O   type3=Ti  Rc =   6.500  lambda =   1.000  zeta =   1.000  eta =   0.089
  34  4  type2=Ti  type3=Ti  Rc =   6.500  lambda =   1.000  zeta =   1.000  eta =   0.089
  35  4  type2=O   type3=O   Rc =   6.500  lambda =  -1.000  zeta =   2.000  eta =   0.000
  36  4  type2=O   type3=Ti  Rc =   6.500  lambda =  -1.000  zeta =   2.000  eta =   0.000
  37  4  type2=Ti  type3=Ti  Rc =   6.500  lambda =  -1.000  zeta =   2.000  eta =   0.000
  38  4  type2=O   type3=O   Rc =   6.500  lambda =  -1.000  zeta =   2.000  eta =   0.029
  39  4  type2=O   type3=Ti  Rc =   6.500  lambda =  -1.000  zeta =   2.000  eta =   0.029
  40  4  type2=Ti  type3=Ti  Rc =   6.500  lambda =  -1.000  zeta =   2.000  eta =   0.029
  41  4  type2=O   type3=O   Rc =   6.500  lambda =  -1.000  zeta =   2.000  eta =   0.089
  42  4  type2=O   type3=Ti  Rc =   6.500  lambda =  -1.000  zeta =   2.000  eta =   0.089
  43  4  type2=Ti  type3=Ti  Rc =   6.500  lambda =  -1.000  zeta =   2.000  eta =   0.089
  44  4  type2=O   type3=O   Rc =   6.500  lambda =   1.000  zeta =   2.000  eta =   0.000
  45  4  type2=O   type3=Ti  Rc =   6.500  lambda =   1.000  zeta =   2.000  eta =   0.000
  46  4  type2=Ti  type3=Ti  Rc =   6.500  lambda =   1.000  zeta =   2.000  eta =   0.000
  47  4  type2=O   type3=O   Rc =   6.500  lambda =   1.000  zeta =   2.000  eta =   0.029
  48  4  type2=O   type3=Ti  Rc =   6.500  lambda =   1.000  zeta =   2.000  eta =   0.029
  49  4  type2=Ti  type3=Ti  Rc =   6.500  lambda =   1.000  zeta =   2.000  eta =   0.029
  50  4  type2=O   type3=O   Rc =   6.500  lambda =   1.000  zeta =   2.000  eta =   0.089
  51  4  type2=O   type3=Ti  Rc =   6.500  lambda =   1.000  zeta =   2.000  eta =   0.089
  52  4  type2=Ti  type3=Ti  Rc =   6.500  lambda =   1.000  zeta =   2.000  eta =   0.089

 ----------------------------------------------------------------------
                           Energy evaluation                           
 ----------------------------------------------------------------------

 Structure number  : 1
 File name         : structure0001.xsf
 Number of atoms   : 24
 Number of species : 2

 Lattice vectors (Angstrom):

   a = (        5.93400000       0.00000000       0.00000000 )
   b = (        0.00000000       9.29699974       0.00000000 )
   c = (        0.00000000       0.00000000       4.64899994 )

 Cartesian atomic coordinates (input) and corresponding atomic forces:

          x             y             z             Fx           Fy            Fz      
         (Ang)         (Ang)         (Ang)       (eV/Ang)      (eV/Ang)      (eV/Ang)  
 --------------------------------------------------------------------------------------
 Ti      4.420273      7.027096      2.241839      0.305758     -0.486868      0.822669
 Ti      4.457592      2.260299      2.239253     -0.543529      0.620372      0.927827
 Ti      1.447497      6.967589      2.373223      0.343494     -0.372358      0.151771
 Ti      1.523171      2.357346      2.365012      0.037426     -0.372137      0.213761
 Ti      2.958649      4.671099      4.602973      0.771733      0.018440     -0.203881
 Ti      2.930117      9.274269      0.072374      0.632711      0.022116     -0.671311
 Ti      0.040032      4.593761      0.017256     -1.404190      0.395934     -0.411209
 Ti      0.016119      0.010058      4.636392     -0.573152     -0.416654     -0.560384
 O       4.355775      5.608869      0.860346      0.555307      0.103621      0.329766
 O       4.440560      0.842730      0.820698      0.645364      0.862103      1.176068
 O       1.468106      5.531795      0.851349      0.168327      0.654659      0.492382
 O       1.440821      0.937161      0.942328      0.032292     -0.051179     -0.352605
 O       4.446402      8.351345      3.694471      0.568283      0.173681      0.543927
 O       4.458247      3.776837      3.713975      0.100911     -0.142880      0.746629
 O       1.663154      8.333449      3.725394     -1.816115      0.193137      0.284040
 O       1.414987      3.658133      3.793253      0.657517      0.033386     -0.291098
 O       3.016466      6.064010      3.222357     -0.776069     -0.154920     -0.377718
 O       3.023503      1.367886      3.358763     -0.457577      0.878474     -1.602750
 O       5.881122      6.016438      3.208828      0.669696      0.646516     -0.530073
 O       5.867547      1.493264      3.200731      0.629168     -1.083998      0.784295
 O       2.890646      7.934568      1.503936      0.431766     -0.377461     -0.491951
 O       3.003149      3.346695      1.566715     -0.233504     -0.885674     -0.644454
 O       0.055092      8.012630      1.420420     -0.218150     -0.759445      0.015460
 O       0.058913      3.181538      1.424634     -0.527467      0.501136     -0.351161

 Cohesive energy            :         -203.81324144 eV
 Total energy               :       -19960.69975089 eV
 Mean force (must be zero)  :     -0.000000      0.000000     -0.000000
 Mean absolute force        :      0.545813      0.425298      0.540716
 Maximum force              :     -0.457577      0.878474     -1.602750
 RMS force                  :      1.067331
 The maximum force is acting on atom 18.
 All forces are given in eV/Angstrom.

 ++++++++++++++++++++++++++++++++++++++++++++++++++++++++++++++++++++++

 Structure number  : 2
 File name         : structure0002.xsf
 Number of atoms   : 24
 Number of species : 2

 Lattice vectors (Angstrom):

   a = (        5.93400000       0.00000000       0.00000000 )
   b = (        0.00000000       9.29699974       0.00000000 )
   c = (        0.00000000       0.00000000       4.64899994 )

 Cartesian atomic coordinates (input) and corresponding atomic forces:

          x             y             z             Fx           Fy            Fz      
         (Ang)         (Ang)         (Ang)       (eV/Ang)      (eV/Ang)      (eV/Ang)  
 --------------------------------------------------------------------------------------
 Ti      4.426378      7.033206      2.260909      0.212679     -0.957828      0.681886
 Ti      4.464327      2.242286      2.228295     -0.825892      0.898633      0.806858
 Ti      1.436821      6.985305      2.387871      0.393039     -1.023687     -0.040550
 Ti      1.529013      2.365736      2.349454     -0.010257     -0.181808      0.272233
 Ti      2.968054      4.668551      4.590021      0.459692      0.395637      0.078938
 Ti      2.931670      9.262994      0.068227      0.600169      0.094765     -0.639413
 Ti      0.018897      4.584695      0.029051     -0.748826      0.853592     -0.264067
 Ti      0.017319      0.012757      4.631413     -0.518356     -0.493075     -0.472354
 O       4.345503      5.643837      0.884942      0.614633     -0.216846      0.023908
 O       4.437333      0.837524      0.830791      0.536175      0.780560      0.977801
 O       1.482925      5.563528      0.856683     -0.081591      0.242506      0.217791
 O       1.441401      0.934318      0.897115      0.074983      0.041035     -0.120350
 O       4.452312      8.364859      3.712361      0.444183      0.125139      0.438308
 O       4.468218      3.755622      3.736689      0.067751     -0.063904      0.716703
 O       1.655814      8.336611      3.726878     -1.632888      0.334413      0.467213
 O       1.410643      3.662429      3.800961      0.604034     -0.113149     -0.410970
 O       3.034613      6.043351      3.225433     -0.769674     -0.006131     -0.246944
 O       3.005779      1.404301      3.345466     -0.366669      0.391262     -1.343102
 O       5.864836      5.996873      3.203181      0.643646      0.790178     -0.440509
 O       5.869208      1.478449      3.154406      0.804735     -1.172915      1.086552
 O       2.870841      7.892889      1.509221      0.692871      0.233082     -0.717707
 O       3.009729      3.336741      1.561448     -0.255232     -0.786894     -0.636142
 O       0.087997      8.028311      1.449037     -0.533189     -0.563377     -0.178307
 O       0.050242      3.195624      1.422800     -0.406017      0.398812     -0.257776

 Cohesive energy            :         -203.84288783 eV
 Total energy               :       -19960.72939727 eV
 Mean force (must be zero)  :      0.000000      0.000000     -0.000000
 Mean absolute force        :      0.512383      0.464968      0.480683
 Maximum force              :      0.804735     -1.172915      1.086552
 RMS force                  :      1.027800
 The maximum force is acting on atom 20.
 All forces are given in eV/Angstrom.

 ++++++++++++++++++++++++++++++++++++++++++++++++++++++++++++++++++++++

 Structure number  : 3
 File name         : structure0003.xsf
 Number of atoms   : 24
 Number of species : 2

 Lattice vectors (Angstrom):

   a = (        5.93400000       0.00000000       0.00000000 )
   b = (        0.00000000       9.29699974       0.00000000 )
   c = (        0.00000000       0.00000000       4.64899994 )

 Cartesian atomic coordinates (input) and corresponding atomic forces:

          x             y             z             Fx           Fy            Fz      
         (Ang)         (Ang)         (Ang)       (eV/Ang)      (eV/Ang)      (eV/Ang)  
 --------------------------------------------------------------------------------------
 Ti      4.432234      7.039721      2.283220      0.186378     -1.415135      0.469039
 Ti      4.470718      2.226709      2.219766     -0.912973      1.174620      0.775707
 Ti      1.430064      6.999190      2.401268      0.358535     -1.656516     -0.201440
 Ti      1.531306      2.371019      2.333786     -0.072801      0.028673      0.261979
 Ti      2.976954      4.664550      4.579550      0.086108      0.709416      0.364056
 Ti      2.938385      9.252361      0.061943      0.369418      0.163495     -0.573863
 Ti      5.927990      4.579457      0.040662     -0.058627      1.260036     -0.156168
 Ti      0.015866      0.013580      4.624338     -0.253872     -0.497526     -0.350759
 O       4.344920      5.671099      0.905119      0.629906     -0.469209     -0.248788
 O       4.442208      0.842189      0.854422      0.251085      0.562114      0.594728
 O       1.499249      5.597497      0.862424     -0.273476     -0.163521     -0.023737
 O       1.448481      0.931325      0.849153      0.159728      0.100103      0.146318
 O       4.456560      8.379922      3.738406      0.213582      0.066026      0.267782
 O       4.479694      3.730034      3.762686     -0.036395     -0.011758      0.546274
 O       1.623366      8.344024      3.734426     -1.181001      0.507707      0.661505
 O       1.415447      3.672709      3.806042      0.496167     -0.202934     -0.470640
 O       3.044684      6.028267      3.222194     -0.684679      0.089168     -0.054335
 O       2.984753      1.447240      3.315605     -0.161852     -0.228414     -0.893184
 O       5.851081      5.985300      3.195699      0.573784      0.838902     -0.312940
 O       5.888067      1.452021      3.122255      0.736242     -1.058867      1.163028
 O       2.858935      7.852009      1.504913      0.937222      0.883033     -0.870362
 O       3.011889      3.322038      1.546164     -0.221015     -0.617137     -0.614148
 O       0.113092      8.031406      1.480425     -0.881801     -0.254619     -0.426434
 O       0.033833      3.214945      1.419603     -0.259663      0.192342     -0.053618

 Cohesive energy            :         -203.89555656 eV
 Total energy               :       -19960.78206601 eV
 Mean force (must be zero)  :      0.000000      0.000000     -0.000000
 Mean absolute force        :      0.416513      0.547970      0.437535
 Maximum force              :      0.736242     -1.058867      1.163028
 RMS force                  :      1.034697
 The maximum force is acting on atom 20.
 All forces are given in eV/Angstrom.

 ++++++++++++++++++++++++++++++++++++++++++++++++++++++++++++++++++++++

 Structure number  : 4
 File name         : structure0004.xsf
 Number of atoms   : 24
 Number of species : 2

 Lattice vectors (Angstrom):

   a = (        5.93400000       0.00000000       0.00000000 )
   b = (        0.00000000       9.29699974       0.00000000 )
   c = (        0.00000000       0.00000000       4.64899994 )

 Cartesian atomic coordinates (input) and corresponding atomic forces:

          x             y             z             Fx           Fy            Fz      
         (Ang)         (Ang)         (Ang)       (eV/Ang)      (eV/Ang)      (eV/Ang)  
 --------------------------------------------------------------------------------------
 Ti      4.437184      7.046588      2.308249      0.199635     -1.797494      0.187847
 Ti      4.475657      2.214461      2.213952     -0.779557      1.420501      0.857609
 Ti      1.427711      7.007433      2.413369      0.321925     -2.104487     -0.331360
 Ti      1.530154      2.373484      2.318303     -0.158771      0.251387      0.171796
 Ti      2.983934      4.659730      4.573094     -0.271171      0.874914      0.600555
 Ti      2.949115      9.242871      0.053870     -0.033365      0.233668     -0.399065
 Ti      5.903124      4.579738      0.051987      0.535133      1.538524     -0.091777
 Ti      0.012793      0.012502      4.616038      0.158443     -0.366760     -0.186221
 O       4.353898      5.685038      0.915892      0.609265     -0.591072     -0.415323
 O       4.451825      0.854031      0.885893     -0.052888      0.243767      0.105531
 O       1.513550      5.627743      0.866232     -0.395415     -0.470355     -0.171437
 O       1.462816      0.931234      0.804109      0.247154      0.107084      0.405096
 O       4.457140      8.393524      3.768462     -0.061011     -0.015751      0.029799
 O       4.490591      3.703187      3.791077     -0.198828      0.009500      0.253496
 O       1.571088      8.356242      3.748319     -0.580800      0.526774      0.703239
 O       1.427154      3.687695      3.807427      0.368917     -0.250905     -0.476257
 O       3.047048      6.020243      3.214266     -0.572678      0.174642      0.121560
 O       2.963094      1.488579      3.274639      0.141450     -0.842678     -0.347612
 O       5.840095      5.981982      3.187135      0.499528      0.824594     -0.185472
 O       5.922819      1.415329      3.106147      0.390617     -0.745324      1.008522
 O       2.857048      7.819865      1.489428      1.063297      1.406653     -0.860648
 O       3.011400      3.305369      1.520533     -0.165372     -0.415722     -0.557925
 O       0.126666      8.024365      1.509804     -1.170604      0.064186     -0.638515
 O       0.011537      3.236856      1.417221     -0.094904     -0.075649      0.216562

 Cohesive energy            :         -203.90785922 eV
 Total energy               :       -19960.79436867 eV
 Mean force (must be zero)  :     -0.000000      0.000000     -0.000000
 Mean absolute force        :      0.377947      0.639683      0.388468
 Maximum force              :      0.321925     -2.104487     -0.331360
 RMS force                  :      1.100581
 The maximum force is acting on atom 3.
 All forces are given in eV/Angstrom.

 ++++++++++++++++++++++++++++++++++++++++++++++++++++++++++++++++++++++

 Structure number  : 5
 File name         : structure0005.xsf
 Number of atoms   : 24
 Number of species : 2

 Lattice vectors (Angstrom):

   a = (        5.93400000       0.00000000       0.00000000 )
   b = (        0.00000000       9.29699974       0.00000000 )
   c = (        0.00000000       0.00000000       4.64899994 )

 Cartesian atomic coordinates (input) and corresponding atomic forces:

          x             y             z             Fx           Fy            Fz      
         (Ang)         (Ang)         (Ang)       (eV/Ang)      (eV/Ang)      (eV/Ang)  
 --------------------------------------------------------------------------------------
 Ti      4.441091      7.053852      2.335505      0.228251     -2.035919     -0.135547
 Ti      4.478892      2.206045      2.211808     -0.560322      1.631295      0.959271
 Ti      1.429910      7.009255      2.424501      0.282038     -2.242695     -0.487277
 Ti      1.525882      2.373938      2.302435     -0.260692      0.468994      0.016421
 Ti      2.988042      4.654536      4.571470     -0.539539      0.853023      0.771461
 Ti      2.962187      9.234540      0.044556     -0.508128      0.343256     -0.097422
 Ti      5.881043      4.586809      0.062904      0.968347      1.631979     -0.064637
 Ti      0.009472      0.010127      4.607479      0.551525     -0.081653      0.055290
 O       4.372525      5.682734      0.914944      0.534996     -0.562615     -0.453554
 O       4.461906      0.868502      0.918106     -0.261778     -0.107502     -0.388113
 O       1.523467      5.650450      0.867294     -0.471090     -0.634699     -0.206898
 O       1.483948      0.936375      0.766393      0.300462      0.063708      0.617077
 O       4.453056      8.402683      3.798041     -0.294737     -0.112106     -0.263490
 O       4.498523      3.677367      3.820828     -0.362325      0.026479     -0.108542
 O       1.506331      8.372469      3.767837      0.094035      0.256310      0.486295
 O       1.442837      3.706177      3.804425      0.235564     -0.290891     -0.453464
 O       3.042744      6.019074      3.204067     -0.458368      0.283714      0.226694
 O       2.943773      1.521726      3.227680      0.475919     -1.347618      0.218204
 O       5.832150      5.986211      3.178270      0.444664      0.761316     -0.067980
 O       0.034603      1.371773      3.103649     -0.089325     -0.317952      0.705382
 O       2.865234      7.801887      1.463314      1.014693      1.682737     -0.657282
 O       3.010461      3.288488      1.484322     -0.141779     -0.224175     -0.433024
 O       0.126248      8.009997      1.533511     -1.284962      0.295049     -0.721416
 O       5.919388      3.258420      1.418612      0.102550     -0.340038      0.482551

 Cohesive energy            :         -203.85311876 eV
 Total energy               :       -19960.73962821 eV
 Mean force (must be zero)  :     -0.000000      0.000000     -0.000000
 Mean absolute force        :      0.436087      0.691488      0.378221
 Maximum force              :      0.282038     -2.242695     -0.487277
 RMS force                  :      1.186817
 The maximum force is acting on atom 3.
 All forces are given in eV/Angstrom.

 ++++++++++++++++++++++++++++++++++++++++++++++++++++++++++++++++++++++

 Structure number  : 6
 File name         : structure0006.xsf
 Number of atoms   : 24
 Number of species : 2

 Lattice vectors (Angstrom):

   a = (        5.93400000       0.00000000       0.00000000 )
   b = (        0.00000000       9.29699974       0.00000000 )
   c = (        0.00000000       0.00000000       4.64899994 )

 Cartesian atomic coordinates (input) and corresponding atomic forces:

          x             y             z             Fx           Fy            Fz      
         (Ang)         (Ang)         (Ang)       (eV/Ang)      (eV/Ang)      (eV/Ang)  
 --------------------------------------------------------------------------------------
 Ti      4.484139      6.926258      2.365877     -0.650754      1.215642     -0.450376
 Ti      4.428011      2.420213      2.374523      0.495046     -1.566339     -0.072305
 Ti      1.474988      6.916151      2.197302      0.523254      1.325764      0.686280
 Ti      1.483651      2.390387      2.338598      0.258781     -1.150994      0.569583
 Ti      2.978931      4.653099      0.014389     -0.120454     -0.249365     -0.519447
 Ti      2.954144      9.242556      0.012718      0.295667      0.062654     -0.369464
 Ti      5.913308      4.669926      4.642719     -0.073387     -0.309679      0.029241
 Ti      0.019146      0.029394      0.012146     -0.399367     -0.203756     -0.348631
 O       4.390241      5.552233      0.855321      0.523362     -0.105530     -0.229870
 O       4.407361      0.823153      0.908346      0.620872      0.407210     -0.020280
 O       1.466095      5.544095      0.892796      0.131775      0.190737     -0.209627
 O       1.502096      0.915897      0.912065     -0.251263      0.046731      0.135680
 O       4.466490      8.291299      3.713478     -0.151060      0.810576      0.336123
 O       4.440014      3.662619      3.766898     -0.008105      0.999028      0.894707
 O       1.472543      8.349534      3.703141     -0.012358      0.242523      0.163089
 O       1.442817      3.755590      3.779563      0.590590      0.099818      0.025678
 O       3.002156      5.982700      3.035976     -0.828991     -0.616878      1.437717
 O       2.996680      1.427594      3.243132     -0.391124      0.198961     -0.360582
 O       5.837257      6.024029      3.289182      1.086719     -0.342220     -0.427747
 O       5.928414      1.537635      3.302407      0.170896     -0.803447     -0.151451
 O       2.963308      7.861134      1.397483     -0.362327     -0.028179     -0.031293
 O       3.044401      3.364751      1.509326     -0.830560     -0.191730     -0.681983
 O       0.009318      7.856189      1.374662      0.173296     -0.406295      0.208079
 O       0.088776      3.250205      1.448051     -0.790509      0.374770     -0.613120

 Cohesive energy            :         -204.14091901 eV
 Total energy               :       -19961.02742846 eV
 Mean force (must be zero)  :      0.000000      0.000000      0.000000
 Mean absolute force        :      0.405855      0.497868      0.373848
 Maximum force              :     -0.828991     -0.616878      1.437717
 RMS force                  :      0.967674
 The maximum force is acting on atom 17.
 All forces are given in eV/Angstrom.

 ++++++++++++++++++++++++++++++++++++++++++++++++++++++++++++++++++++++

 Structure number  : 7
 File name         : structure0007.xsf
 Number of atoms   : 24
 Number of species : 2

 Lattice vectors (Angstrom):

   a = (        5.93400000       0.00000000       0.00000000 )
   b = (        0.00000000       9.29699974       0.00000000 )
   c = (        0.00000000       0.00000000       4.64899994 )

 Cartesian atomic coordinates (input) and corresponding atomic forces:

          x             y             z             Fx           Fy            Fz      
         (Ang)         (Ang)         (Ang)       (eV/Ang)      (eV/Ang)      (eV/Ang)  
 --------------------------------------------------------------------------------------
 Ti      4.488164      6.945582      2.368006     -0.690452      0.877007     -0.442179
 Ti      4.429396      2.419338      2.377310      0.401283     -1.192363     -0.054660
 Ti      1.482551      6.907281      2.193859      0.297810      1.169589      0.663699
 Ti      1.483365      2.379618      2.350961      0.309011     -1.013029      0.292277
 Ti      2.978315      4.653052      0.012021     -0.216709     -0.128185     -0.431983
 Ti      2.964388      9.244006      0.017766     -0.350111     -0.079179     -0.362861
 Ti      5.907683      4.659834      4.637067      0.173643     -0.097835      0.102350
 Ti      0.013232      0.041416      4.638625      0.020885     -0.394664     -0.052318
 O       4.402125      5.549433      0.839166      0.390540      0.098538      0.086065
 O       4.400221      0.787005      0.884239      0.826482      0.850071      0.494160
 O       1.474321      5.546947      0.877997      0.057101      0.006163     -0.233024
 O       1.489343      0.917762      0.946102     -0.190161     -0.006730     -0.119415
 O       4.449866      8.312402      3.726499      0.031333      0.402335     -0.053880
 O       4.449037      3.686459      3.782320     -0.084761      0.525541      0.431497
 O       1.470571      8.359355      3.737233     -0.057899      0.399037      0.019710
 O       1.447186      3.761533      3.767000      0.516803      0.002708      0.080533
 O       2.987452      5.987394      3.041398     -0.383950     -0.565966      1.355080
 O       3.021268      1.439904      3.244926     -0.481990      0.092035     -0.243967
 O       5.843772      6.029270      3.279346      0.843237     -0.310753     -0.388179
 O       5.911411      1.542638      3.304330      0.181236     -0.886460      0.007744
 O       2.940383      7.852472      1.404456      0.026921      0.131389     -0.062854
 O       3.032862      3.347971      1.506903     -0.609924     -0.141990     -0.656106
 O       0.021550      7.840240      1.378617     -0.159160     -0.193406      0.183163
 O       0.084348      3.231456      1.446174     -0.851168      0.456147     -0.614852

 Cohesive energy            :         -204.22558164 eV
 Total energy               :       -19961.11209109 eV
 Mean force (must be zero)  :     -0.000000     -0.000000      0.000000
 Mean absolute force        :      0.339690      0.417547      0.309690
 Maximum force              :     -0.383950     -0.565966      1.355080
 RMS force                  :      0.828736
 The maximum force is acting on atom 17.
 All forces are given in eV/Angstrom.

 ++++++++++++++++++++++++++++++++++++++++++++++++++++++++++++++++++++++

 Structure number  : 8
 File name         : structure0008.xsf
 Number of atoms   : 24
 Number of species : 2

 Lattice vectors (Angstrom):

   a = (        5.93400000       0.00000000       0.00000000 )
   b = (        0.00000000       9.29699974       0.00000000 )
   c = (        0.00000000       0.00000000       4.64899994 )

 Cartesian atomic coordinates (input) and corresponding atomic forces:

          x             y             z             Fx           Fy            Fz      
         (Ang)         (Ang)         (Ang)       (eV/Ang)      (eV/Ang)      (eV/Ang)  
 --------------------------------------------------------------------------------------
 Ti      4.475005      6.907327      2.358042     -0.460293      1.417380     -0.304562
 Ti      4.431848      2.417555      2.370090      0.471164     -1.769730     -0.090492
 Ti      1.470713      6.927356      2.205726      0.559551      1.285883      0.677652
 Ti      1.485837      2.400212      2.329445      0.117459     -1.189252      0.731920
 Ti      2.977212      4.651843      0.013818      0.000352     -0.278828     -0.542497
 Ti      2.944162      9.240373      0.004966      0.843743      0.231676     -0.388104
 Ti      5.918249      4.677319      0.000838     -0.227603     -0.446996     -0.069447
 Ti      0.023783      0.014280      0.033296     -0.789586      0.044395     -0.586454
 O       4.390626      5.560116      0.874620      0.496507     -0.277426     -0.517233
 O       4.420581      0.864156      0.933273      0.420913      0.046902     -0.391699
 O       1.458185      5.542009      0.902128      0.233501      0.398253     -0.139299
 O       1.515292      0.909247      0.877099     -0.316780      0.145429      0.433704
 O       4.480656      8.284674      3.709749     -0.275137      0.967823      0.495864
 O       4.431263      3.652385      3.762915      0.024008      1.171804      1.064708
 O       1.474622      8.345675      3.675072      0.035871      0.038680      0.224537
 O       1.444904      3.746305      3.788020      0.589685      0.169796     -0.001509
 O       3.008206      5.975152      3.047819     -1.084364     -0.540685      1.396413
 O       2.969039      1.419139      3.239972     -0.228697      0.293573     -0.454277
 O       5.846798      6.019473      3.287390      1.101099     -0.243491     -0.457733
 O       0.014004      1.525876      3.297062      0.101564     -0.608234     -0.329717
 O       2.984654      7.868028      1.390817     -0.632527     -0.165127      0.037465
 O       3.041996      3.377517      1.507243     -0.863615     -0.287105     -0.608008
 O       5.930118      7.869635      1.371144      0.446042     -0.564848      0.285069
 O       0.075470      3.274331      1.446712     -0.562856      0.160127     -0.466299

 Cohesive energy            :         -204.10822778 eV
 Total energy               :       -19960.99473723 eV
 Mean force (must be zero)  :      0.000000     -0.000000      0.000000
 Mean absolute force        :      0.453455      0.530977      0.445611
 Maximum force              :     -1.084364     -0.540685      1.396413
 RMS force                  :      1.055930
 The maximum force is acting on atom 17.
 All forces are given in eV/Angstrom.

 ++++++++++++++++++++++++++++++++++++++++++++++++++++++++++++++++++++++

 Structure number  : 9
 File name         : structure0009.xsf
 Number of atoms   : 24
 Number of species : 2

 Lattice vectors (Angstrom):

   a = (        5.93400000       0.00000000       0.00000000 )
   b = (        0.00000000       9.29699974       0.00000000 )
   c = (        0.00000000       0.00000000       4.64899994 )

 Cartesian atomic coordinates (input) and corresponding atomic forces:

          x             y             z             Fx           Fy            Fz      
         (Ang)         (Ang)         (Ang)       (eV/Ang)      (eV/Ang)      (eV/Ang)  
 --------------------------------------------------------------------------------------
 Ti      4.461924      6.889712      2.345153     -0.216633      1.428617     -0.007725
 Ti      4.440339      2.410890      2.363624      0.350680     -1.744322     -0.033410
 Ti      1.470094      6.940885      2.218275      0.432023      1.036592      0.643971
 Ti      1.489521      2.409077      2.323592     -0.049723     -1.147065      0.799541
 Ti      2.973297      4.649669      0.010552      0.070140     -0.253162     -0.513509
 Ti      2.936548      9.237535      4.643601      1.205235      0.392519     -0.434356
 Ti      5.921897      4.681547      0.009228     -0.274125     -0.510945     -0.217019
 Ti      0.026429      9.293760      0.051627     -1.057692      0.334115     -0.758673
 O       4.403350      5.570109      0.893193      0.357748     -0.339940     -0.678130
 O       4.436793      0.905274      0.953288      0.269473     -0.210634     -0.582776
 O       1.452196      5.541267      0.905378      0.323445      0.570098     -0.055644
 O       1.527333      0.899292      0.845472     -0.385348      0.246751      0.708054
 O       4.490950      8.294236      3.715989     -0.344240      0.881001      0.440051
 O       4.424124      3.658665      3.773989      0.053093      1.006739      0.888588
 O       1.476891      8.349102      3.657469      0.063748     -0.157998      0.219254
 O       1.453211      3.734479      3.792396      0.490928      0.211811      0.013564
 O       3.001916      5.966065      3.076579     -1.024302     -0.299233      1.180046
 O       2.941827      1.416623      3.233854     -0.009580      0.333913     -0.496294
 O       5.872238      6.017215      3.272548      0.878452     -0.054528     -0.441568
 O       0.033898      1.509217      3.286734     -0.026955     -0.356259     -0.471574
 O       3.000132      7.871062      1.386358     -0.746333     -0.256835      0.127528
 O       3.026828      3.383575      1.502083     -0.721426     -0.392961     -0.458721
 O       5.919211      7.877212      1.370154      0.602252     -0.625671      0.380436
 O       0.045735      3.300733      1.444267     -0.240860     -0.092603     -0.251635

 Cohesive energy            :         -204.17255443 eV
 Total energy               :       -19961.05906388 eV
 Mean force (must be zero)  :      0.000000     -0.000000      0.000000
 Mean absolute force        :      0.424768      0.536846      0.450086
 Maximum force              :      0.350680     -1.744322     -0.033410
 RMS force                  :      1.031349
 The maximum force is acting on atom 2.
 All forces are given in eV/Angstrom.

 ++++++++++++++++++++++++++++++++++++++++++++++++++++++++++++++++++++++

 Structure number  : 10
 File name         : structure0010.xsf
 Number of atoms   : 24
 Number of species : 2

 Lattice vectors (Angstrom):

   a = (        5.93400000       0.00000000       0.00000000 )
   b = (        0.00000000       9.29699974       0.00000000 )
   c = (        0.00000000       0.00000000       4.64899994 )

 Cartesian atomic coordinates (input) and corresponding atomic forces:

          x             y             z             Fx           Fy            Fz      
         (Ang)         (Ang)         (Ang)       (eV/Ang)      (eV/Ang)      (eV/Ang)  
 --------------------------------------------------------------------------------------
 Ti      4.486534      6.965071      2.364615     -0.520826      0.472498     -0.383647
 Ti      4.435959      2.416309      2.379135      0.188115     -0.804302     -0.116192
 Ti      1.492454      6.899830      2.196054     -0.095891      0.906928      0.599414
 Ti      1.484875      2.367845      2.366358      0.282429     -0.833753     -0.082468
 Ti      2.975586      4.651814      0.006740     -0.254220      0.068631     -0.257082
 Ti      2.972981      9.244700      0.020052     -0.934462     -0.088717     -0.273407
 Ti      5.902254      4.647466      4.632647      0.497423      0.187605      0.185200
 Ti      0.006441      0.050453      4.615348      0.397587     -0.512501      0.317444
 O       4.424261      5.553980      0.829022      0.112415      0.257574      0.343358
 O       4.402500      0.760112      0.867396      0.905073      1.271266      1.012753
 O       1.481796      5.551071      0.859070      0.018821     -0.142293     -0.197814
 O       1.477462      0.914062      0.976836     -0.122005      0.007308     -0.298870
 O       4.432488      8.344399      3.745991      0.251751     -0.182896     -0.604108
 O       4.456827      3.718166      3.802127     -0.217612     -0.095265     -0.170928
 O       1.468646      8.373627      3.773553     -0.071188      0.445180     -0.216218
 O       1.457612      3.763659      3.750457      0.375886     -0.093048      0.166062
 O       2.968914      5.989250      3.063399      0.092414     -0.432027      1.168804
 O       3.040052      1.454064      3.247343     -0.496380     -0.002404     -0.117257
 O       5.865040      6.034354      3.258962      0.438016     -0.202737     -0.306281
 O       5.898247      1.539878      3.304341      0.151453     -0.823826      0.104159
 O       2.920670      7.844151      1.410012      0.462598      0.271474     -0.044347
 O       3.007948      3.328214      1.499519     -0.245980     -0.108891     -0.570556
 O       0.029780      7.824244      1.381937     -0.469347      0.028456      0.218552
 O       0.063585      3.218873      1.440620     -0.746068      0.405740     -0.476572

 Cohesive energy            :         -204.27561964 eV
 Total energy               :       -19961.16212908 eV
 Mean force (must be zero)  :      0.000000      0.000000      0.000000
 Mean absolute force        :      0.347832      0.360222      0.342979
 Maximum force              :      0.905073      1.271266      1.012753
 RMS force                  :      0.785338
 The maximum force is acting on atom 10.
 All forces are given in eV/Angstrom.

                                                                       
                          2015-10-25  22:51:42                         
                                                                       
 ======================================================================
                      Atomic Energy Network done.                      
 ======================================================================
